<?xml version="1.0" encoding="UTF-8"?>
<!-- Generated by org.testng.reporters.JUnitXMLReporter -->
<testsuite ignored="0" hostname="CHETUIWK1648" failures="0" tests="15" name="TutorialNinja Testcases" time="325.364" errors="0" timestamp="2025-03-31T15:12:59 IST">
  <testcase classname="com.tutorialninja.qa.testcases.RegisterTest" name="verifyRegisteringAnAccountWithMandatoryFields" time="2.14"/>
  <testcase classname="com.tutorialninja.qa.testcases.RegisterTest" name="verifyRegisteringAnAccountWithAllFields" time="1.907"/>
  <testcase classname="com.tutorialninja.qa.testcases.RegisterTest" name="verifyRegisteringAnAccountWithAnExistingEmail" time="1.458"/>
  <testcase classname="com.tutorialninja.qa.testcases.RegisterTest" name="verifyRegisteringAnAccountWithoutFillingAnyDetails" time="0.834"/>
  <testcase classname="com.tutorialninja.qa.testcases.LoginTest" name="verifyLoginWithValidCredentials" time="1.447"/>
  <testcase classname="com.tutorialninja.qa.testcases.LoginTest" name="verifyLoginWithValidCredentials" time="1.688"/>
  <testcase classname="com.tutorialninja.qa.testcases.LoginTest" name="verifyLoginWithValidCredentials" time="2.106"/>
  <testcase classname="com.tutorialninja.qa.testcases.LoginTest" name="verifyLoginWithInvalidCredentials" time="1.06"/>
  <testcase classname="com.tutorialninja.qa.testcases.LoginTest" name="verifyLoginWithInValidEmailandValidPassword" time="1.084"/>
  <testcase classname="com.tutorialninja.qa.testcases.LoginTest" name="VerifyLoginWithValidEmailandInvalidPassword" time="1.135"/>
  <testcase classname="com.tutorialninja.qa.testcases.LoginTest" name="VerifyLoginWithoutCredentials" time="0.949"/>
  <testcase classname="com.tutorialninja.qa.testcases.LoginTest" name="tableDataFetch" time="4.136"/>
  <testcase classname="com.tutorialninja.qa.testcases.SearchTest" name="verifySearchwithValidProduct" time="1.963"/>
  <testcase classname="com.tutorialninja.qa.testcases.SearchTest" name="verifySearchWithInvalidProduct" time="0.632"/>
  <testcase classname="com.tutorialninja.qa.testcases.SearchTest" name="verifySearchWithOutAnyProduct" time="0.606"/>
</testsuite> <!-- TutorialNinja Testcases -->
