<?xml version="1.0" encoding="UTF-8"?>
<!-- Generated by org.testng.reporters.JUnitXMLReporter -->
<testsuite ignored="5" hostname="CHETUIWK1648" failures="0" tests="1" name="Default test" time="36.218" errors="0" timestamp="2025-04-03T15:53:22 IST">
  <testcase classname="com.tutorialninja.qa.testcases.LoginTest" name="verifyLoginWithInValidEmailandValidPassword" time="1.427"/>
  <testcase classname="com.tutorialninja.qa.testcases.LoginTest" name="verifyLoginWithInvalidCredentials" time="0.0">
    <ignored/>
  </testcase> <!-- verifyLoginWithInvalidCredentials -->
  <testcase classname="com.tutorialninja.qa.testcases.LoginTest" name="VerifyLoginWithValidEmailandInvalidPassword" time="0.0">
    <ignored/>
  </testcase> <!-- VerifyLoginWithValidEmailandInvalidPassword -->
  <testcase classname="com.tutorialninja.qa.testcases.LoginTest" name="tableDataFetch" time="0.0">
    <ignored/>
  </testcase> <!-- tableDataFetch -->
  <testcase classname="com.tutorialninja.qa.testcases.LoginTest" name="verifyLoginWithValidCredentials" time="0.0">
    <ignored/>
  </testcase> <!-- verifyLoginWithValidCredentials -->
  <testcase classname="com.tutorialninja.qa.testcases.LoginTest" name="VerifyLoginWithoutCredentials" time="0.0">
    <ignored/>
  </testcase> <!-- VerifyLoginWithoutCredentials -->
</testsuite> <!-- Default test -->
