<?xml version="1.0" encoding="UTF-8"?>
<testng-results ignored="0" total="1" passed="1" failed="0" skipped="0">
  <reporter-output>
  </reporter-output>
  <suite started-at="2025-03-26T18:40:07 IST" name="Default suite" finished-at="2025-03-26T18:40:30 IST" duration-ms="23024">
    <groups>
    </groups>
    <test started-at="2025-03-26T18:40:07 IST" name="Default test" finished-at="2025-03-26T18:40:30 IST" duration-ms="23024">
      <class name="com.tutorialninja.qa.testcases.LoginTest">
        <test-method is-config="true" signature="setUp()[pri:0, instance:com.tutorialninja.qa.testcases.LoginTest@750e2b97]" started-at="2025-03-26T18:40:07 IST" name="setUp" finished-at="2025-03-26T18:40:26 IST" duration-ms="19000" status="PASS">
          <reporter-output>
          </reporter-output>
        </test-method> <!-- setUp -->
        <test-method signature="verifyLoginWithInValidEmailandValidPassword()[pri:3, instance:com.tutorialninja.qa.testcases.LoginTest@750e2b97]" started-at="2025-03-26T18:40:26 IST" name="verifyLoginWithInValidEmailandValidPassword" finished-at="2025-03-26T18:40:28 IST" duration-ms="1529" status="PASS">
          <reporter-output>
          </reporter-output>
        </test-method> <!-- verifyLoginWithInValidEmailandValidPassword -->
        <test-method is-config="true" signature="tearDown()[pri:0, instance:com.tutorialninja.qa.testcases.LoginTest@750e2b97]" started-at="2025-03-26T18:40:28 IST" name="tearDown" finished-at="2025-03-26T18:40:30 IST" duration-ms="2430" status="PASS">
          <reporter-output>
          </reporter-output>
        </test-method> <!-- tearDown -->
      </class> <!-- com.tutorialninja.qa.testcases.LoginTest -->
    </test> <!-- Default test -->
  </suite> <!-- Default suite -->
</testng-results>
