<?xml version="1.0" encoding="UTF-8"?>
<testng-results ignored="0" total="15" passed="15" failed="0" skipped="0">
  <reporter-output>
  </reporter-output>
  <suite started-at="2025-03-31T15:07:27 IST" name="TutorialNinja Automation Test Suite" finished-at="2025-03-31T15:12:52 IST" duration-ms="325364">
    <groups>
    </groups>
    <test started-at="2025-03-31T15:07:27 IST" name="TutorialNinja Testcases" finished-at="2025-03-31T15:12:52 IST" duration-ms="325364">
      <class name="com.tutorialninja.qa.testcases.SearchTest">
        <test-method is-config="true" signature="setUp()[pri:0, instance:com.tutorialninja.qa.testcases.SearchTest@75437611]" started-at="2025-03-31T15:11:53 IST" name="setUp" finished-at="2025-03-31T15:12:06 IST" duration-ms="13854" status="PASS">
          <reporter-output>
          </reporter-output>
        </test-method> <!-- setUp -->
        <test-method signature="verifySearchwithValidProduct()[pri:1, instance:com.tutorialninja.qa.testcases.SearchTest@75437611]" started-at="2025-03-31T15:12:06 IST" name="verifySearchwithValidProduct" finished-at="2025-03-31T15:12:08 IST" duration-ms="1963" status="PASS">
          <reporter-output>
          </reporter-output>
        </test-method> <!-- verifySearchwithValidProduct -->
        <test-method is-config="true" signature="tearDown()[pri:0, instance:com.tutorialninja.qa.testcases.SearchTest@75437611]" started-at="2025-03-31T15:12:08 IST" name="tearDown" finished-at="2025-03-31T15:12:12 IST" duration-ms="3171" status="PASS">
          <reporter-output>
          </reporter-output>
        </test-method> <!-- tearDown -->
        <test-method is-config="true" signature="setUp()[pri:0, instance:com.tutorialninja.qa.testcases.SearchTest@75437611]" started-at="2025-03-31T15:12:12 IST" name="setUp" finished-at="2025-03-31T15:12:28 IST" duration-ms="16842" status="PASS">
          <reporter-output>
          </reporter-output>
        </test-method> <!-- setUp -->
        <test-method signature="verifySearchWithInvalidProduct()[pri:2, instance:com.tutorialninja.qa.testcases.SearchTest@75437611]" started-at="2025-03-31T15:12:28 IST" name="verifySearchWithInvalidProduct" finished-at="2025-03-31T15:12:29 IST" duration-ms="632" status="PASS">
          <reporter-output>
          </reporter-output>
        </test-method> <!-- verifySearchWithInvalidProduct -->
        <test-method is-config="true" signature="tearDown()[pri:0, instance:com.tutorialninja.qa.testcases.SearchTest@75437611]" started-at="2025-03-31T15:12:29 IST" name="tearDown" finished-at="2025-03-31T15:12:33 IST" duration-ms="3856" status="PASS">
          <reporter-output>
          </reporter-output>
        </test-method> <!-- tearDown -->
        <test-method is-config="true" signature="setUp()[pri:0, instance:com.tutorialninja.qa.testcases.SearchTest@75437611]" started-at="2025-03-31T15:12:33 IST" name="setUp" finished-at="2025-03-31T15:12:49 IST" duration-ms="16083" status="PASS">
          <reporter-output>
          </reporter-output>
        </test-method> <!-- setUp -->
        <test-method signature="verifySearchWithOutAnyProduct()[pri:3, instance:com.tutorialninja.qa.testcases.SearchTest@75437611]" started-at="2025-03-31T15:12:49 IST" name="verifySearchWithOutAnyProduct" finished-at="2025-03-31T15:12:50 IST" duration-ms="606" status="PASS">
          <reporter-output>
          </reporter-output>
        </test-method> <!-- verifySearchWithOutAnyProduct -->
        <test-method is-config="true" signature="tearDown()[pri:0, instance:com.tutorialninja.qa.testcases.SearchTest@75437611]" started-at="2025-03-31T15:12:50 IST" name="tearDown" finished-at="2025-03-31T15:12:52 IST" duration-ms="2379" status="PASS">
          <reporter-output>
          </reporter-output>
        </test-method> <!-- tearDown -->
      </class> <!-- com.tutorialninja.qa.testcases.SearchTest -->
      <class name="com.tutorialninja.qa.testcases.LoginTest">
        <test-method is-config="true" signature="setUp()[pri:0, instance:com.tutorialninja.qa.testcases.LoginTest@742ff096]" started-at="2025-03-31T15:08:52 IST" name="setUp" finished-at="2025-03-31T15:09:07 IST" duration-ms="14650" status="PASS">
          <reporter-output>
          </reporter-output>
        </test-method> <!-- setUp -->
        <test-method signature="verifyLoginWithValidCredentials(java.lang.String,java.lang.String)[pri:1, instance:com.tutorialninja.qa.testcases.LoginTest@742ff096]" started-at="2025-03-31T15:09:07 IST" name="verifyLoginWithValidCredentials" data-provider="validCredentialsSupplier" finished-at="2025-03-31T15:09:08 IST" duration-ms="1447" status="PASS">
          <params>
            <param index="0">
              <value>
                <![CDATA[ajay44314@gmail.com]]>
              </value>
            </param>
            <param index="1">
              <value>
                <![CDATA[8871500667@Ar]]>
              </value>
            </param>
          </params>
          <reporter-output>
          </reporter-output>
        </test-method> <!-- verifyLoginWithValidCredentials -->
        <test-method is-config="true" signature="tearDown()[pri:0, instance:com.tutorialninja.qa.testcases.LoginTest@742ff096]" started-at="2025-03-31T15:09:08 IST" name="tearDown" finished-at="2025-03-31T15:09:10 IST" duration-ms="2167" status="PASS">
          <reporter-output>
          </reporter-output>
        </test-method> <!-- tearDown -->
        <test-method is-config="true" signature="setUp()[pri:0, instance:com.tutorialninja.qa.testcases.LoginTest@742ff096]" started-at="2025-03-31T15:09:10 IST" name="setUp" finished-at="2025-03-31T15:09:46 IST" duration-ms="35708" status="PASS">
          <reporter-output>
          </reporter-output>
        </test-method> <!-- setUp -->
        <test-method signature="verifyLoginWithValidCredentials(java.lang.String,java.lang.String)[pri:1, instance:com.tutorialninja.qa.testcases.LoginTest@742ff096]" started-at="2025-03-31T15:09:46 IST" name="verifyLoginWithValidCredentials" data-provider="validCredentialsSupplier" finished-at="2025-03-31T15:09:48 IST" duration-ms="1688" status="PASS">
          <params>
            <param index="0">
              <value>
                <![CDATA[testing1000@gmail.com]]>
              </value>
            </param>
            <param index="1">
              <value>
                <![CDATA[8871500667@Ar]]>
              </value>
            </param>
          </params>
          <reporter-output>
          </reporter-output>
        </test-method> <!-- verifyLoginWithValidCredentials -->
        <test-method is-config="true" signature="tearDown()[pri:0, instance:com.tutorialninja.qa.testcases.LoginTest@742ff096]" started-at="2025-03-31T15:09:48 IST" name="tearDown" finished-at="2025-03-31T15:09:50 IST" duration-ms="2320" status="PASS">
          <reporter-output>
          </reporter-output>
        </test-method> <!-- tearDown -->
        <test-method is-config="true" signature="setUp()[pri:0, instance:com.tutorialninja.qa.testcases.LoginTest@742ff096]" started-at="2025-03-31T15:09:50 IST" name="setUp" finished-at="2025-03-31T15:10:11 IST" duration-ms="20375" status="PASS">
          <reporter-output>
          </reporter-output>
        </test-method> <!-- setUp -->
        <test-method signature="verifyLoginWithValidCredentials(java.lang.String,java.lang.String)[pri:1, instance:com.tutorialninja.qa.testcases.LoginTest@742ff096]" started-at="2025-03-31T15:10:11 IST" name="verifyLoginWithValidCredentials" data-provider="validCredentialsSupplier" finished-at="2025-03-31T15:10:13 IST" duration-ms="2106" status="PASS">
          <params>
            <param index="0">
              <value>
                <![CDATA[testing10@gmail.com]]>
              </value>
            </param>
            <param index="1">
              <value>
                <![CDATA[8871500667@Ar]]>
              </value>
            </param>
          </params>
          <reporter-output>
          </reporter-output>
        </test-method> <!-- verifyLoginWithValidCredentials -->
        <test-method is-config="true" signature="tearDown()[pri:0, instance:com.tutorialninja.qa.testcases.LoginTest@742ff096]" started-at="2025-03-31T15:10:13 IST" name="tearDown" finished-at="2025-03-31T15:10:17 IST" duration-ms="3984" status="PASS">
          <reporter-output>
          </reporter-output>
        </test-method> <!-- tearDown -->
        <test-method is-config="true" signature="setUp()[pri:0, instance:com.tutorialninja.qa.testcases.LoginTest@742ff096]" started-at="2025-03-31T15:10:17 IST" name="setUp" finished-at="2025-03-31T15:10:37 IST" duration-ms="20034" status="PASS">
          <reporter-output>
          </reporter-output>
        </test-method> <!-- setUp -->
        <test-method signature="verifyLoginWithInvalidCredentials()[pri:2, instance:com.tutorialninja.qa.testcases.LoginTest@742ff096]" started-at="2025-03-31T15:10:37 IST" name="verifyLoginWithInvalidCredentials" finished-at="2025-03-31T15:10:38 IST" duration-ms="1060" status="PASS">
          <reporter-output>
          </reporter-output>
        </test-method> <!-- verifyLoginWithInvalidCredentials -->
        <test-method is-config="true" signature="tearDown()[pri:0, instance:com.tutorialninja.qa.testcases.LoginTest@742ff096]" started-at="2025-03-31T15:10:38 IST" name="tearDown" finished-at="2025-03-31T15:10:40 IST" duration-ms="2677" status="PASS">
          <reporter-output>
          </reporter-output>
        </test-method> <!-- tearDown -->
        <test-method is-config="true" signature="setUp()[pri:0, instance:com.tutorialninja.qa.testcases.LoginTest@742ff096]" started-at="2025-03-31T15:10:40 IST" name="setUp" finished-at="2025-03-31T15:10:52 IST" duration-ms="11098" status="PASS">
          <reporter-output>
          </reporter-output>
        </test-method> <!-- setUp -->
        <test-method signature="verifyLoginWithInValidEmailandValidPassword()[pri:3, instance:com.tutorialninja.qa.testcases.LoginTest@742ff096]" started-at="2025-03-31T15:10:52 IST" name="verifyLoginWithInValidEmailandValidPassword" finished-at="2025-03-31T15:10:53 IST" duration-ms="1084" status="PASS">
          <reporter-output>
          </reporter-output>
        </test-method> <!-- verifyLoginWithInValidEmailandValidPassword -->
        <test-method is-config="true" signature="tearDown()[pri:0, instance:com.tutorialninja.qa.testcases.LoginTest@742ff096]" started-at="2025-03-31T15:10:53 IST" name="tearDown" finished-at="2025-03-31T15:10:55 IST" duration-ms="1996" status="PASS">
          <reporter-output>
          </reporter-output>
        </test-method> <!-- tearDown -->
        <test-method is-config="true" signature="setUp()[pri:0, instance:com.tutorialninja.qa.testcases.LoginTest@742ff096]" started-at="2025-03-31T15:10:55 IST" name="setUp" finished-at="2025-03-31T15:11:09 IST" duration-ms="14637" status="PASS">
          <reporter-output>
          </reporter-output>
        </test-method> <!-- setUp -->
        <test-method signature="VerifyLoginWithValidEmailandInvalidPassword()[pri:4, instance:com.tutorialninja.qa.testcases.LoginTest@742ff096]" started-at="2025-03-31T15:11:09 IST" name="VerifyLoginWithValidEmailandInvalidPassword" finished-at="2025-03-31T15:11:10 IST" duration-ms="1135" status="PASS">
          <reporter-output>
          </reporter-output>
        </test-method> <!-- VerifyLoginWithValidEmailandInvalidPassword -->
        <test-method is-config="true" signature="tearDown()[pri:0, instance:com.tutorialninja.qa.testcases.LoginTest@742ff096]" started-at="2025-03-31T15:11:10 IST" name="tearDown" finished-at="2025-03-31T15:11:15 IST" duration-ms="5023" status="PASS">
          <reporter-output>
          </reporter-output>
        </test-method> <!-- tearDown -->
        <test-method is-config="true" signature="setUp()[pri:0, instance:com.tutorialninja.qa.testcases.LoginTest@742ff096]" started-at="2025-03-31T15:11:15 IST" name="setUp" finished-at="2025-03-31T15:11:28 IST" duration-ms="12925" status="PASS">
          <reporter-output>
          </reporter-output>
        </test-method> <!-- setUp -->
        <test-method signature="VerifyLoginWithoutCredentials()[pri:5, instance:com.tutorialninja.qa.testcases.LoginTest@742ff096]" started-at="2025-03-31T15:11:28 IST" name="VerifyLoginWithoutCredentials" finished-at="2025-03-31T15:11:29 IST" duration-ms="949" status="PASS">
          <reporter-output>
          </reporter-output>
        </test-method> <!-- VerifyLoginWithoutCredentials -->
        <test-method is-config="true" signature="tearDown()[pri:0, instance:com.tutorialninja.qa.testcases.LoginTest@742ff096]" started-at="2025-03-31T15:11:29 IST" name="tearDown" finished-at="2025-03-31T15:11:32 IST" duration-ms="2407" status="PASS">
          <reporter-output>
          </reporter-output>
        </test-method> <!-- tearDown -->
        <test-method is-config="true" signature="setUp()[pri:0, instance:com.tutorialninja.qa.testcases.LoginTest@742ff096]" started-at="2025-03-31T15:11:32 IST" name="setUp" finished-at="2025-03-31T15:11:45 IST" duration-ms="13425" status="PASS">
          <reporter-output>
          </reporter-output>
        </test-method> <!-- setUp -->
        <test-method signature="tableDataFetch()[pri:6, instance:com.tutorialninja.qa.testcases.LoginTest@742ff096]" started-at="2025-03-31T15:11:45 IST" name="tableDataFetch" finished-at="2025-03-31T15:11:49 IST" duration-ms="4136" status="PASS">
          <reporter-output>
          </reporter-output>
        </test-method> <!-- tableDataFetch -->
        <test-method is-config="true" signature="tearDown()[pri:0, instance:com.tutorialninja.qa.testcases.LoginTest@742ff096]" started-at="2025-03-31T15:11:49 IST" name="tearDown" finished-at="2025-03-31T15:11:53 IST" duration-ms="3327" status="PASS">
          <reporter-output>
          </reporter-output>
        </test-method> <!-- tearDown -->
      </class> <!-- com.tutorialninja.qa.testcases.LoginTest -->
      <class name="com.tutorialninja.qa.testcases.RegisterTest">
        <test-method is-config="true" signature="setUp()[pri:0, instance:com.tutorialninja.qa.testcases.RegisterTest@26d9b808]" started-at="2025-03-31T15:07:27 IST" name="setUp" finished-at="2025-03-31T15:07:44 IST" duration-ms="16605" status="PASS">
          <reporter-output>
          </reporter-output>
        </test-method> <!-- setUp -->
        <test-method signature="verifyRegisteringAnAccountWithMandatoryFields()[pri:1, instance:com.tutorialninja.qa.testcases.RegisterTest@26d9b808]" started-at="2025-03-31T15:07:44 IST" name="verifyRegisteringAnAccountWithMandatoryFields" finished-at="2025-03-31T15:07:46 IST" duration-ms="2140" status="PASS">
          <reporter-output>
          </reporter-output>
        </test-method> <!-- verifyRegisteringAnAccountWithMandatoryFields -->
        <test-method is-config="true" signature="tearDown()[pri:0, instance:com.tutorialninja.qa.testcases.RegisterTest@26d9b808]" started-at="2025-03-31T15:07:46 IST" name="tearDown" finished-at="2025-03-31T15:07:48 IST" duration-ms="2669" status="PASS">
          <reporter-output>
          </reporter-output>
        </test-method> <!-- tearDown -->
        <test-method is-config="true" signature="setUp()[pri:0, instance:com.tutorialninja.qa.testcases.RegisterTest@26d9b808]" started-at="2025-03-31T15:07:48 IST" name="setUp" finished-at="2025-03-31T15:08:06 IST" duration-ms="17140" status="PASS">
          <reporter-output>
          </reporter-output>
        </test-method> <!-- setUp -->
        <test-method signature="verifyRegisteringAnAccountWithAllFields()[pri:2, instance:com.tutorialninja.qa.testcases.RegisterTest@26d9b808]" started-at="2025-03-31T15:08:06 IST" name="verifyRegisteringAnAccountWithAllFields" finished-at="2025-03-31T15:08:08 IST" duration-ms="1907" status="PASS">
          <reporter-output>
          </reporter-output>
        </test-method> <!-- verifyRegisteringAnAccountWithAllFields -->
        <test-method is-config="true" signature="tearDown()[pri:0, instance:com.tutorialninja.qa.testcases.RegisterTest@26d9b808]" started-at="2025-03-31T15:08:08 IST" name="tearDown" finished-at="2025-03-31T15:08:13 IST" duration-ms="4977" status="PASS">
          <reporter-output>
          </reporter-output>
        </test-method> <!-- tearDown -->
        <test-method is-config="true" signature="setUp()[pri:0, instance:com.tutorialninja.qa.testcases.RegisterTest@26d9b808]" started-at="2025-03-31T15:08:13 IST" name="setUp" finished-at="2025-03-31T15:08:28 IST" duration-ms="15915" status="PASS">
          <reporter-output>
          </reporter-output>
        </test-method> <!-- setUp -->
        <test-method signature="verifyRegisteringAnAccountWithAnExistingEmail()[pri:3, instance:com.tutorialninja.qa.testcases.RegisterTest@26d9b808]" started-at="2025-03-31T15:08:28 IST" name="verifyRegisteringAnAccountWithAnExistingEmail" finished-at="2025-03-31T15:08:30 IST" duration-ms="1458" status="PASS">
          <reporter-output>
          </reporter-output>
        </test-method> <!-- verifyRegisteringAnAccountWithAnExistingEmail -->
        <test-method is-config="true" signature="tearDown()[pri:0, instance:com.tutorialninja.qa.testcases.RegisterTest@26d9b808]" started-at="2025-03-31T15:08:30 IST" name="tearDown" finished-at="2025-03-31T15:08:32 IST" duration-ms="2349" status="PASS">
          <reporter-output>
          </reporter-output>
        </test-method> <!-- tearDown -->
        <test-method is-config="true" signature="setUp()[pri:0, instance:com.tutorialninja.qa.testcases.RegisterTest@26d9b808]" started-at="2025-03-31T15:08:32 IST" name="setUp" finished-at="2025-03-31T15:08:48 IST" duration-ms="15411" status="PASS">
          <reporter-output>
          </reporter-output>
        </test-method> <!-- setUp -->
        <test-method signature="verifyRegisteringAnAccountWithoutFillingAnyDetails()[pri:4, instance:com.tutorialninja.qa.testcases.RegisterTest@26d9b808]" started-at="2025-03-31T15:08:48 IST" name="verifyRegisteringAnAccountWithoutFillingAnyDetails" finished-at="2025-03-31T15:08:48 IST" duration-ms="834" status="PASS">
          <reporter-output>
          </reporter-output>
        </test-method> <!-- verifyRegisteringAnAccountWithoutFillingAnyDetails -->
        <test-method is-config="true" signature="tearDown()[pri:0, instance:com.tutorialninja.qa.testcases.RegisterTest@26d9b808]" started-at="2025-03-31T15:08:48 IST" name="tearDown" finished-at="2025-03-31T15:08:51 IST" duration-ms="2317" status="PASS">
          <reporter-output>
          </reporter-output>
        </test-method> <!-- tearDown -->
      </class> <!-- com.tutorialninja.qa.testcases.RegisterTest -->
    </test> <!-- TutorialNinja Testcases -->
  </suite> <!-- TutorialNinja Automation Test Suite -->
</testng-results>
